\BOOKMARK [0][-]{chapter.1}{\376\377\254\374\310\034\000\040\254\034\306\224}{}% 1
\BOOKMARK [1][-]{section.1.1}{\376\377\254\374\310\034\000\040\274\060\254\275\000\040\274\017\000\040\325\104\306\224\301\061}{chapter.1}% 2
\BOOKMARK [1][-]{section.1.2}{\376\377\254\374\310\034\000\040\272\251\324\134}{chapter.1}% 3
\BOOKMARK [1][-]{section.1.3}{\376\377\256\060\263\000\326\250\254\374}{chapter.1}% 4
\BOOKMARK [0][-]{chapter.2}{\376\377\306\224\255\154\300\254\325\155\000\040\275\204\301\035}{}% 5
\BOOKMARK [1][-]{section.2.1}{\376\377\254\275\256\060\000\040\255\334\316\131\000\040\274\017\000\040\323\311\254\000\000\040\310\160\254\164\000\040\275\204\301\035}{chapter.2}% 6
\BOOKMARK [1][-]{section.2.2}{\376\377\256\060\262\245\310\001\000\040\306\224\255\154\300\254\325\155}{chapter.2}% 7
\BOOKMARK [1][-]{section.2.3}{\376\377\276\104\256\060\262\245\310\001\000\040\306\224\255\154\300\254\325\155}{chapter.2}% 8
\BOOKMARK [0][-]{chapter.3}{\376\377\302\334\302\244\321\134\000\040\301\044\254\304}{}% 9
\BOOKMARK [1][-]{section.3.1}{\376\377\310\004\314\264\000\040\302\334\302\244\321\134\000\040\305\104\320\244\321\115\314\230}{chapter.3}% 10
\BOOKMARK [1][-]{section.3.2}{\376\377\325\131\302\265\000-\302\344\325\211\000-\323\311\254\000\000\040\323\014\307\164\325\004\267\174\307\170}{chapter.3}% 11
\BOOKMARK [1][-]{section.3.3}{\376\377\000J\000e\000t\000s\000o\000n\000-\000S\000T\000M\0003\0002\000\040\305\355\325\140\000\040\275\204\271\254\000\040\274\051\325\245}{chapter.3}% 12
\BOOKMARK [1][-]{section.3.4}{\376\377\325\245\326\304\000\040\255\154\314\264\326\124\325\140\000\040\301\044\254\304\000\040\325\155\272\251}{chapter.3}% 13
\BOOKMARK [0][-]{chapter.4}{\376\377\310\374\306\224\000\040\256\060\302\040\000\040\301\044\254\304}{}% 14
\BOOKMARK [1][-]{section.4.1}{\376\377\316\164\272\124\267\174\000\040\256\060\274\030\000\040\326\130\254\275\000\040\307\170\302\335}{chapter.4}% 15
\BOOKMARK [1][-]{section.4.2}{\376\377\300\301\320\334\000\040\324\134\326\004\000\040\274\017\000\040\325\211\263\331\000\040\000p\000r\000i\000m\000i\000t\000i\000v\000e\000\040\310\025\307\130}{chapter.4}% 16
\BOOKMARK [1][-]{section.4.3}{\376\377\000V\000i\000s\000i\000o\000n\000-\000A\000c\000t\000i\000o\000n\000\040\000P\000o\000l\000i\000c\000y\000\040\301\044\254\304}{chapter.4}% 17
\BOOKMARK [1][-]{section.4.4}{\376\377\000S\000T\000M\0003\0002\000\040\256\060\274\030\000\040\272\250\321\060\000\040\274\017\000\040\301\074\301\034\000\040\310\034\305\264}{chapter.4}% 18
\BOOKMARK [1][-]{section.4.5}{\376\377\305\110\310\004\000\040\310\034\305\264\000\040\274\017\000\040\306\010\306\170\000\040\314\230\271\254}{chapter.4}% 19
\BOOKMARK [0][-]{chapter.5}{\376\377\326\004\302\344\310\001\000\040\310\034\305\175\000\040\300\254\325\155\000\040\274\017\000\040\263\000\314\105}{}% 20
\BOOKMARK [0][-]{chapter.6}{\376\377\315\224\311\304\000\040\307\174\310\025}{}% 21
\BOOKMARK [0][-]{chapter.7}{\376\377\305\355\325\140\000\040\275\204\262\364}{}% 22
\BOOKMARK [0][-]{chapter.8}{\376\377\314\070\254\340\000\040\273\070\325\314}{}% 23
